
> aradhiya-scans@0.1.0 build
> next build

▲ Next.js 16.2.7 (Turbopack)
- Environments: .env

  Creating an optimized production build ...
✓ Compiled successfully in 10.5s
  Running TypeScript ...
  Finished TypeScript in 9.6s ...
  Collecting page data using 7 workers ...
  Generating static pages using 7 workers (0/10) ...
Firebase credentials found. Initializing Firebase app...
  Generating static pages using 7 workers (2/10) 
  Generating static pages using 7 workers (4/10) 
  Generating static pages using 7 workers (7/10) 
✓ Generating static pages using 7 workers (10/10) in 1004ms
  Finalizing page optimization ...

Route (app)
┌ ○ /
├ ○ /_not-found
├ ○ /about
├ ○ /admin
├ ○ /contact
├ ○ /guide
├ ○ /services
├ ○ /tests
└ ƒ /tests/[slug]


○  (Static)   prerendered as static content
ƒ  (Dynamic)  server-rendered on demand

